<?xml version="1.0" encoding="UTF-8"?>
<!-- Generated by org.testng.reporters.JUnitReportReporter -->
<testsuite skipped="0" hostname="Prasad-VivoBook" name="tests.TestScenarios" tests="2" failures="0" timestamp="2021-10-31T19:01:20 IST" time="45.672" errors="0">
  <testcase name="scenario2" time="29.493" classname="tests.TestScenarios"/>
  <system-out/>
  <testcase name="scenario1" time="16.179" classname="tests.TestScenarios"/>
  <system-out/>
</testsuite> <!-- tests.TestScenarios -->
